[0.443s] Invoking command in '/workspace/succulence_ws/build/succulence_rover_ros': PYTHONPATH=/workspace/succulence_ws/build/succulence_rover_ros/prefix_override:/usr/lib/python3/dist-packages/colcon_core/task/python/colcon_distutils_commands:/workspace/succulence_ws/install/succulence_rover_ros/lib/python3.12/site-packages:${PYTHONPATH} /usr/bin/python3 -W ignore:setup.py install is deprecated -W ignore:easy_install command is deprecated setup.py develop --editable --build-directory /workspace/succulence_ws/build/succulence_rover_ros/build --no-deps symlink_data
[0.593s] running develop
[0.666s] running egg_info
[0.666s] creating succulence_rover_ros.egg-info
[0.673s] writing succulence_rover_ros.egg-info/PKG-INFO
[0.673s] writing dependency_links to succulence_rover_ros.egg-info/dependency_links.txt
[0.673s] writing entry points to succulence_rover_ros.egg-info/entry_points.txt
[0.673s] writing requirements to succulence_rover_ros.egg-info/requires.txt
[0.673s] writing top-level names to succulence_rover_ros.egg-info/top_level.txt
[0.673s] writing manifest file 'succulence_rover_ros.egg-info/SOURCES.txt'
[0.688s] reading manifest file 'succulence_rover_ros.egg-info/SOURCES.txt'
[0.688s] writing manifest file 'succulence_rover_ros.egg-info/SOURCES.txt'
[0.696s] running build_ext
[0.700s] Creating /workspace/succulence_ws/install/succulence_rover_ros/lib/python3.12/site-packages/succulence-rover-ros.egg-link (link to .)
[0.700s] Installing motion_model_node script to /workspace/succulence_ws/install/succulence_rover_ros/lib/succulence_rover_ros
[0.700s] Installing occupancy_grid_mapper_node script to /workspace/succulence_ws/install/succulence_rover_ros/lib/succulence_rover_ros
[0.700s] Installing slam_node script to /workspace/succulence_ws/install/succulence_rover_ros/lib/succulence_rover_ros
[0.700s] 
[0.700s] Installed /workspace/succulence_ws/build/succulence_rover_ros
[0.700s] running symlink_data
[0.700s] creating /workspace/succulence_ws/install/succulence_rover_ros/share/ament_index
[0.700s] creating /workspace/succulence_ws/install/succulence_rover_ros/share/ament_index/resource_index
[0.700s] creating /workspace/succulence_ws/install/succulence_rover_ros/share/ament_index/resource_index/packages
[0.700s] symbolically linking /workspace/succulence_ws/build/succulence_rover_ros/resource/succulence_rover_ros -> /workspace/succulence_ws/install/succulence_rover_ros/share/ament_index/resource_index/packages
[0.700s] symbolically linking /workspace/succulence_ws/build/succulence_rover_ros/package.xml -> /workspace/succulence_ws/install/succulence_rover_ros/share/succulence_rover_ros
[0.700s] creating /workspace/succulence_ws/install/succulence_rover_ros/share/succulence_rover_ros/launch
[0.700s] symbolically linking /workspace/succulence_ws/build/succulence_rover_ros/launch/slam.launch.py -> /workspace/succulence_ws/install/succulence_rover_ros/share/succulence_rover_ros/launch
[0.700s] symbolically linking /workspace/succulence_ws/build/succulence_rover_ros/launch/dead_reckoning.launch.py -> /workspace/succulence_ws/install/succulence_rover_ros/share/succulence_rover_ros/launch
[0.700s] symbolically linking /workspace/succulence_ws/build/succulence_rover_ros/launch/mission.launch.py -> /workspace/succulence_ws/install/succulence_rover_ros/share/succulence_rover_ros/launch
[0.700s] creating /workspace/succulence_ws/install/succulence_rover_ros/share/succulence_rover_ros/config
[0.700s] symbolically linking /workspace/succulence_ws/build/succulence_rover_ros/config/params.yaml -> /workspace/succulence_ws/install/succulence_rover_ros/share/succulence_rover_ros/config
[0.700s] symbolically linking /workspace/succulence_ws/build/succulence_rover_ros/config/succulance.rviz -> /workspace/succulence_ws/install/succulence_rover_ros/share/succulence_rover_ros/config
[0.700s] symbolically linking /workspace/succulence_ws/build/succulence_rover_ros/config/succulance_slam.rviz -> /workspace/succulence_ws/install/succulence_rover_ros/share/succulence_rover_ros/config
[0.715s] Invoked command in '/workspace/succulence_ws/build/succulence_rover_ros' returned '0': PYTHONPATH=/workspace/succulence_ws/build/succulence_rover_ros/prefix_override:/usr/lib/python3/dist-packages/colcon_core/task/python/colcon_distutils_commands:/workspace/succulence_ws/install/succulence_rover_ros/lib/python3.12/site-packages:${PYTHONPATH} /usr/bin/python3 -W ignore:setup.py install is deprecated -W ignore:easy_install command is deprecated setup.py develop --editable --build-directory /workspace/succulence_ws/build/succulence_rover_ros/build --no-deps symlink_data
