[0.390s] Invoking command in '/workspace/succulence_ws/src/succulence_rover_ros': PYTHONPATH=/workspace/succulence_ws/build/succulence_rover_ros/prefix_override:/usr/lib/python3/dist-packages/colcon_core/task/python/colcon_distutils_commands:/workspace/succulence_ws/install/lib/python3.12/site-packages:${PYTHONPATH} /usr/bin/python3 -W ignore:setup.py install is deprecated -W ignore:easy_install command is deprecated setup.py egg_info --egg-base ../../build/succulence_rover_ros build --build-base /workspace/succulence_ws/build/succulence_rover_ros/build install --record /workspace/succulence_ws/build/succulence_rover_ros/install.log --single-version-externally-managed install_data
[0.502s] running egg_info
[0.502s] creating ../../build/succulence_rover_ros/succulence_rover_ros.egg-info
[0.508s] writing ../../build/succulence_rover_ros/succulence_rover_ros.egg-info/PKG-INFO
[0.509s] writing dependency_links to ../../build/succulence_rover_ros/succulence_rover_ros.egg-info/dependency_links.txt
[0.509s] writing entry points to ../../build/succulence_rover_ros/succulence_rover_ros.egg-info/entry_points.txt
[0.509s] writing requirements to ../../build/succulence_rover_ros/succulence_rover_ros.egg-info/requires.txt
[0.509s] writing top-level names to ../../build/succulence_rover_ros/succulence_rover_ros.egg-info/top_level.txt
[0.509s] writing manifest file '../../build/succulence_rover_ros/succulence_rover_ros.egg-info/SOURCES.txt'
[0.524s] reading manifest file '../../build/succulence_rover_ros/succulence_rover_ros.egg-info/SOURCES.txt'
[0.524s] writing manifest file '../../build/succulence_rover_ros/succulence_rover_ros.egg-info/SOURCES.txt'
[0.524s] running build
[0.524s] running build_py
[0.524s] creating /workspace/succulence_ws/build/succulence_rover_ros/build
[0.524s] creating /workspace/succulence_ws/build/succulence_rover_ros/build/lib
[0.524s] creating /workspace/succulence_ws/build/succulence_rover_ros/build/lib/succulence_rover_ros
[0.524s] copying succulence_rover_ros/__init__.py -> /workspace/succulence_ws/build/succulence_rover_ros/build/lib/succulence_rover_ros
[0.524s] copying succulence_rover_ros/occupancy_grid_mapper.py -> /workspace/succulence_ws/build/succulence_rover_ros/build/lib/succulence_rover_ros
[0.525s] copying succulence_rover_ros/motion_model.py -> /workspace/succulence_ws/build/succulence_rover_ros/build/lib/succulence_rover_ros
[0.525s] copying succulence_rover_ros/utils.py -> /workspace/succulence_ws/build/succulence_rover_ros/build/lib/succulence_rover_ros
[0.525s] running install
[0.528s] running install_lib
[0.535s] creating /workspace/succulence_ws/install/lib/python3.12/site-packages/succulence_rover_ros
[0.535s] copying /workspace/succulence_ws/build/succulence_rover_ros/build/lib/succulence_rover_ros/__init__.py -> /workspace/succulence_ws/install/lib/python3.12/site-packages/succulence_rover_ros
[0.535s] copying /workspace/succulence_ws/build/succulence_rover_ros/build/lib/succulence_rover_ros/occupancy_grid_mapper.py -> /workspace/succulence_ws/install/lib/python3.12/site-packages/succulence_rover_ros
[0.535s] copying /workspace/succulence_ws/build/succulence_rover_ros/build/lib/succulence_rover_ros/motion_model.py -> /workspace/succulence_ws/install/lib/python3.12/site-packages/succulence_rover_ros
[0.535s] copying /workspace/succulence_ws/build/succulence_rover_ros/build/lib/succulence_rover_ros/utils.py -> /workspace/succulence_ws/install/lib/python3.12/site-packages/succulence_rover_ros
[0.535s] byte-compiling /workspace/succulence_ws/install/lib/python3.12/site-packages/succulence_rover_ros/__init__.py to __init__.cpython-312.pyc
[0.535s] byte-compiling /workspace/succulence_ws/install/lib/python3.12/site-packages/succulence_rover_ros/occupancy_grid_mapper.py to occupancy_grid_mapper.cpython-312.pyc
[0.537s] byte-compiling /workspace/succulence_ws/install/lib/python3.12/site-packages/succulence_rover_ros/motion_model.py to motion_model.cpython-312.pyc
[0.538s] byte-compiling /workspace/succulence_ws/install/lib/python3.12/site-packages/succulence_rover_ros/utils.py to utils.cpython-312.pyc
[0.538s] running install_data
[0.538s] creating /workspace/succulence_ws/install/share/ament_index
[0.538s] creating /workspace/succulence_ws/install/share/ament_index/resource_index
[0.538s] creating /workspace/succulence_ws/install/share/ament_index/resource_index/packages
[0.539s] copying resource/succulence_rover_ros -> /workspace/succulence_ws/install/share/ament_index/resource_index/packages
[0.539s] copying package.xml -> /workspace/succulence_ws/install/share/succulence_rover_ros
[0.539s] creating /workspace/succulence_ws/install/share/succulence_rover_ros/launch
[0.539s] copying launch/slam.launch.py -> /workspace/succulence_ws/install/share/succulence_rover_ros/launch
[0.539s] copying launch/dead_reckoning.launch.py -> /workspace/succulence_ws/install/share/succulence_rover_ros/launch
[0.539s] creating /workspace/succulence_ws/install/share/succulence_rover_ros/config
[0.539s] copying config/params.yaml -> /workspace/succulence_ws/install/share/succulence_rover_ros/config
[0.539s] running install_egg_info
[0.546s] Copying ../../build/succulence_rover_ros/succulence_rover_ros.egg-info to /workspace/succulence_ws/install/lib/python3.12/site-packages/succulence_rover_ros-0.1.0-py3.12.egg-info
[0.547s] running install_scripts
[0.599s] Installing motion_model_node script to /workspace/succulence_ws/install/lib/succulence_rover_ros
[0.599s] Installing occupancy_grid_mapper_node script to /workspace/succulence_ws/install/lib/succulence_rover_ros
[0.600s] writing list of installed files to '/workspace/succulence_ws/build/succulence_rover_ros/install.log'
[0.611s] Invoked command in '/workspace/succulence_ws/src/succulence_rover_ros' returned '0': PYTHONPATH=/workspace/succulence_ws/build/succulence_rover_ros/prefix_override:/usr/lib/python3/dist-packages/colcon_core/task/python/colcon_distutils_commands:/workspace/succulence_ws/install/lib/python3.12/site-packages:${PYTHONPATH} /usr/bin/python3 -W ignore:setup.py install is deprecated -W ignore:easy_install command is deprecated setup.py egg_info --egg-base ../../build/succulence_rover_ros build --build-base /workspace/succulence_ws/build/succulence_rover_ros/build install --record /workspace/succulence_ws/build/succulence_rover_ros/install.log --single-version-externally-managed install_data
