/workspace/install/lib/python3.12/site-packages/succulence_rover_ros/scan_matcher.py
/workspace/install/lib/python3.12/site-packages/succulence_rover_ros/__init__.py
/workspace/install/lib/python3.12/site-packages/succulence_rover_ros/occupancy_grid_mapper.py
/workspace/install/lib/python3.12/site-packages/succulence_rover_ros/motion_model.py
/workspace/install/lib/python3.12/site-packages/succulence_rover_ros/utils.py
/workspace/install/lib/python3.12/site-packages/succulence_rover_ros/__pycache__/scan_matcher.cpython-312.pyc
/workspace/install/lib/python3.12/site-packages/succulence_rover_ros/__pycache__/__init__.cpython-312.pyc
/workspace/install/lib/python3.12/site-packages/succulence_rover_ros/__pycache__/occupancy_grid_mapper.cpython-312.pyc
/workspace/install/lib/python3.12/site-packages/succulence_rover_ros/__pycache__/motion_model.cpython-312.pyc
/workspace/install/lib/python3.12/site-packages/succulence_rover_ros/__pycache__/utils.cpython-312.pyc
/workspace/install/share/ament_index/resource_index/packages/succulence_rover_ros
/workspace/install/share/succulence_rover_ros/package.xml
/workspace/install/share/succulence_rover_ros/launch/slam.launch.py
/workspace/install/share/succulence_rover_ros/launch/dead_reckoning.launch.py
/workspace/install/share/succulence_rover_ros/config/params.yaml
/workspace/install/lib/python3.12/site-packages/succulence_rover_ros-0.1.0-py3.12.egg-info/dependency_links.txt
/workspace/install/lib/python3.12/site-packages/succulence_rover_ros-0.1.0-py3.12.egg-info/zip-safe
/workspace/install/lib/python3.12/site-packages/succulence_rover_ros-0.1.0-py3.12.egg-info/SOURCES.txt
/workspace/install/lib/python3.12/site-packages/succulence_rover_ros-0.1.0-py3.12.egg-info/top_level.txt
/workspace/install/lib/python3.12/site-packages/succulence_rover_ros-0.1.0-py3.12.egg-info/entry_points.txt
/workspace/install/lib/python3.12/site-packages/succulence_rover_ros-0.1.0-py3.12.egg-info/PKG-INFO
/workspace/install/lib/python3.12/site-packages/succulence_rover_ros-0.1.0-py3.12.egg-info/requires.txt
/workspace/install/lib/succulence_rover_ros/motion_model_node
/workspace/install/lib/succulence_rover_ros/occupancy_grid_mapper_node
