running egg_info
creating ../../../build/succulence_rover_ros/succulence_rover_ros.egg-info
writing ../../../build/succulence_rover_ros/succulence_rover_ros.egg-info/PKG-INFO
writing dependency_links to ../../../build/succulence_rover_ros/succulence_rover_ros.egg-info/dependency_links.txt
writing entry points to ../../../build/succulence_rover_ros/succulence_rover_ros.egg-info/entry_points.txt
writing requirements to ../../../build/succulence_rover_ros/succulence_rover_ros.egg-info/requires.txt
writing top-level names to ../../../build/succulence_rover_ros/succulence_rover_ros.egg-info/top_level.txt
writing manifest file '../../../build/succulence_rover_ros/succulence_rover_ros.egg-info/SOURCES.txt'
reading manifest file '../../../build/succulence_rover_ros/succulence_rover_ros.egg-info/SOURCES.txt'
writing manifest file '../../../build/succulence_rover_ros/succulence_rover_ros.egg-info/SOURCES.txt'
running build
running build_py
creating /workspace/build/succulence_rover_ros/build
creating /workspace/build/succulence_rover_ros/build/lib
creating /workspace/build/succulence_rover_ros/build/lib/succulence_rover_ros
copying succulence_rover_ros/__init__.py -> /workspace/build/succulence_rover_ros/build/lib/succulence_rover_ros
copying succulence_rover_ros/occupancy_grid_mapper.py -> /workspace/build/succulence_rover_ros/build/lib/succulence_rover_ros
copying succulence_rover_ros/motion_model.py -> /workspace/build/succulence_rover_ros/build/lib/succulence_rover_ros
copying succulence_rover_ros/utils.py -> /workspace/build/succulence_rover_ros/build/lib/succulence_rover_ros
running install
running install_lib
creating /workspace/install/lib/python3.12/site-packages/succulence_rover_ros
copying /workspace/build/succulence_rover_ros/build/lib/succulence_rover_ros/__init__.py -> /workspace/install/lib/python3.12/site-packages/succulence_rover_ros
copying /workspace/build/succulence_rover_ros/build/lib/succulence_rover_ros/occupancy_grid_mapper.py -> /workspace/install/lib/python3.12/site-packages/succulence_rover_ros
copying /workspace/build/succulence_rover_ros/build/lib/succulence_rover_ros/motion_model.py -> /workspace/install/lib/python3.12/site-packages/succulence_rover_ros
copying /workspace/build/succulence_rover_ros/build/lib/succulence_rover_ros/utils.py -> /workspace/install/lib/python3.12/site-packages/succulence_rover_ros
byte-compiling /workspace/install/lib/python3.12/site-packages/succulence_rover_ros/__init__.py to __init__.cpython-312.pyc
byte-compiling /workspace/install/lib/python3.12/site-packages/succulence_rover_ros/occupancy_grid_mapper.py to occupancy_grid_mapper.cpython-312.pyc
byte-compiling /workspace/install/lib/python3.12/site-packages/succulence_rover_ros/motion_model.py to motion_model.cpython-312.pyc
byte-compiling /workspace/install/lib/python3.12/site-packages/succulence_rover_ros/utils.py to utils.cpython-312.pyc
running install_data
creating /workspace/install/share/ament_index
creating /workspace/install/share/ament_index/resource_index
creating /workspace/install/share/ament_index/resource_index/packages
copying resource/succulence_rover_ros -> /workspace/install/share/ament_index/resource_index/packages
copying package.xml -> /workspace/install/share/succulence_rover_ros
creating /workspace/install/share/succulence_rover_ros/launch
copying launch/slam.launch.py -> /workspace/install/share/succulence_rover_ros/launch
copying launch/dead_reckoning.launch.py -> /workspace/install/share/succulence_rover_ros/launch
creating /workspace/install/share/succulence_rover_ros/config
copying config/params.yaml -> /workspace/install/share/succulence_rover_ros/config
running install_egg_info
Copying ../../../build/succulence_rover_ros/succulence_rover_ros.egg-info to /workspace/install/lib/python3.12/site-packages/succulence_rover_ros-0.1.0-py3.12.egg-info
running install_scripts
Installing motion_model_node script to /workspace/install/lib/succulence_rover_ros
Installing occupancy_grid_mapper_node script to /workspace/install/lib/succulence_rover_ros
writing list of installed files to '/workspace/build/succulence_rover_ros/install.log'
