[0.466s] Invoking command in '/workspace/succulence_ws/src/succulence_rover_ros': PYTHONPATH=/workspace/build/succulence_rover_ros/prefix_override:/usr/lib/python3/dist-packages/colcon_core/task/python/colcon_distutils_commands:/workspace/install/lib/python3.12/site-packages:${PYTHONPATH} /usr/bin/python3 -W ignore:setup.py install is deprecated -W ignore:easy_install command is deprecated setup.py egg_info --egg-base ../../../build/succulence_rover_ros build --build-base /workspace/build/succulence_rover_ros/build install --record /workspace/build/succulence_rover_ros/install.log --single-version-externally-managed install_data
[0.590s] running egg_info
[0.597s] writing ../../../build/succulence_rover_ros/succulence_rover_ros.egg-info/PKG-INFO
[0.597s] writing dependency_links to ../../../build/succulence_rover_ros/succulence_rover_ros.egg-info/dependency_links.txt
[0.597s] writing entry points to ../../../build/succulence_rover_ros/succulence_rover_ros.egg-info/entry_points.txt
[0.597s] writing requirements to ../../../build/succulence_rover_ros/succulence_rover_ros.egg-info/requires.txt
[0.597s] writing top-level names to ../../../build/succulence_rover_ros/succulence_rover_ros.egg-info/top_level.txt
[0.613s] reading manifest file '../../../build/succulence_rover_ros/succulence_rover_ros.egg-info/SOURCES.txt'
[0.614s] writing manifest file '../../../build/succulence_rover_ros/succulence_rover_ros.egg-info/SOURCES.txt'
[0.614s] running build
[0.614s] running build_py
[0.614s] copying succulence_rover_ros/scan_matcher.py -> /workspace/build/succulence_rover_ros/build/lib/succulence_rover_ros
[0.614s] copying succulence_rover_ros/motion_model.py -> /workspace/build/succulence_rover_ros/build/lib/succulence_rover_ros
[0.615s] running install
[0.619s] running install_lib
[0.626s] copying /workspace/build/succulence_rover_ros/build/lib/succulence_rover_ros/scan_matcher.py -> /workspace/install/lib/python3.12/site-packages/succulence_rover_ros
[0.626s] copying /workspace/build/succulence_rover_ros/build/lib/succulence_rover_ros/motion_model.py -> /workspace/install/lib/python3.12/site-packages/succulence_rover_ros
[0.627s] byte-compiling /workspace/install/lib/python3.12/site-packages/succulence_rover_ros/scan_matcher.py to scan_matcher.cpython-312.pyc
[0.628s] byte-compiling /workspace/install/lib/python3.12/site-packages/succulence_rover_ros/motion_model.py to motion_model.cpython-312.pyc
[0.629s] running install_data
[0.629s] running install_egg_info
[0.637s] removing '/workspace/install/lib/python3.12/site-packages/succulence_rover_ros-0.1.0-py3.12.egg-info' (and everything under it)
[0.638s] Copying ../../../build/succulence_rover_ros/succulence_rover_ros.egg-info to /workspace/install/lib/python3.12/site-packages/succulence_rover_ros-0.1.0-py3.12.egg-info
[0.638s] running install_scripts
[0.692s] Installing motion_model_node script to /workspace/install/lib/succulence_rover_ros
[0.693s] Installing occupancy_grid_mapper_node script to /workspace/install/lib/succulence_rover_ros
[0.693s] writing list of installed files to '/workspace/build/succulence_rover_ros/install.log'
[0.706s] Invoked command in '/workspace/succulence_ws/src/succulence_rover_ros' returned '0': PYTHONPATH=/workspace/build/succulence_rover_ros/prefix_override:/usr/lib/python3/dist-packages/colcon_core/task/python/colcon_distutils_commands:/workspace/install/lib/python3.12/site-packages:${PYTHONPATH} /usr/bin/python3 -W ignore:setup.py install is deprecated -W ignore:easy_install command is deprecated setup.py egg_info --egg-base ../../../build/succulence_rover_ros build --build-base /workspace/build/succulence_rover_ros/build install --record /workspace/build/succulence_rover_ros/install.log --single-version-externally-managed install_data
